<?xml version="1.0" encoding="UTF-8"?>
<testsuite name="com.citrus.myproject.paternsTest.logBack_Test" time="0.0" tests="1" errors="0" skipped="0" failures="0">
    <testcase name="logBack_Test.hello" classname="com.citrus.myproject.paternsTest.logBack_Test" time="0.0"/>
</testsuite>