<?xml version="1.0" encoding="UTF-8"?>
<testsuite name="com.citrus.myproject.paternsTest.ResourceInjection_IT" time="0.0" tests="2" errors="0" skipped="0" failures="2">
    <testcase name="ResourceInjection_IT.injectResources" classname="com.citrus.myproject.paternsTest.ResourceInjection_IT" time="0.0">
      <failure type="com.consol.citrus.exceptions.CitrusRuntimeException" message="Not able to provide a Citrus resource injection for type interface com.consol.citrus.TestCaseRunner">
        <![CDATA[
        com.consol.citrus.exceptions.CitrusRuntimeException: Not able to provide a Citrus resource injection for type interface com.consol.citrus.TestCaseRunner
	at com.consol.citrus.testng.AbstractTestNGCitrusTest.resolveAnnotatedResource(AbstractTestNGCitrusTest.java:200)
	at com.consol.citrus.dsl.testng.TestNGCitrusTest.resolveAnnotatedResource(TestNGCitrusTest.java:158)
	at com.consol.citrus.testng.AbstractTestNGCitrusTest.resolveParameter(AbstractTestNGCitrusTest.java:173)
	at com.consol.citrus.dsl.testng.TestNGCitrusTest.invokeTestMethod(TestNGCitrusTest.java:138)
	at com.consol.citrus.dsl.testng.TestNGCitrusTest.run(TestNGCitrusTest.java:112)
	at com.consol.citrus.dsl.testng.TestNGCitrusTest.run(TestNGCitrusTest.java:61)
	at org.testng.internal.invokers.MethodInvocationHelper.invokeHookable(MethodInvocationHelper.java:266)
	at org.testng.internal.invokers.TestInvoker.invokeMethod(TestInvoker.java:665)
	at org.testng.internal.invokers.TestInvoker.invokeTestMethod(TestInvoker.java:220)
	at org.testng.internal.invokers.MethodRunner.runInSequence(MethodRunner.java:50)
	at org.testng.internal.invokers.TestInvoker$MethodInvocationAgent.invoke(TestInvoker.java:945)
	at org.testng.internal.invokers.TestInvoker.invokeTestMethods(TestInvoker.java:193)
	at org.testng.internal.invokers.TestMethodWorker.invokeTestMethods(TestMethodWorker.java:146)
	at org.testng.internal.invokers.TestMethodWorker.run(TestMethodWorker.java:128)
	at java.base/java.util.ArrayList.forEach(ArrayList.java:1511)
	at org.testng.TestRunner.privateRun(TestRunner.java:808)
	at org.testng.TestRunner.run(TestRunner.java:603)
	at org.testng.SuiteRunner.runTest(SuiteRunner.java:429)
	at org.testng.SuiteRunner.runSequentially(SuiteRunner.java:423)
	at org.testng.SuiteRunner.privateRun(SuiteRunner.java:383)
	at org.testng.SuiteRunner.run(SuiteRunner.java:326)
	at org.testng.SuiteRunnerWorker.runSuite(SuiteRunnerWorker.java:52)
	at org.testng.SuiteRunnerWorker.run(SuiteRunnerWorker.java:95)
	at org.testng.TestNG.runSuitesSequentially(TestNG.java:1249)
	at org.testng.TestNG.runSuitesLocally(TestNG.java:1169)
	at org.testng.TestNG.runSuites(TestNG.java:1092)
	at org.testng.TestNG.run(TestNG.java:1060)
	at com.intellij.rt.testng.IDEARemoteTestNG.run(IDEARemoteTestNG.java:66)
	at com.intellij.rt.testng.RemoteTestNGStarter.main(RemoteTestNGStarter.java:109)

        ]]>
      </failure>
    </testcase>
    <testcase name="ResourceInjection_IT.injectResources2" classname="com.citrus.myproject.paternsTest.ResourceInjection_IT" time="0.0">
      <failure type="com.consol.citrus.exceptions.CitrusRuntimeException" message="Not able to provide a Citrus resource injection for type interface com.consol.citrus.TestCaseRunner">
        <![CDATA[
        com.consol.citrus.exceptions.CitrusRuntimeException: Not able to provide a Citrus resource injection for type interface com.consol.citrus.TestCaseRunner
	at com.consol.citrus.testng.AbstractTestNGCitrusTest.resolveAnnotatedResource(AbstractTestNGCitrusTest.java:200)
	at com.consol.citrus.dsl.testng.TestNGCitrusTest.resolveAnnotatedResource(TestNGCitrusTest.java:158)
	at com.consol.citrus.testng.AbstractTestNGCitrusTest.resolveParameter(AbstractTestNGCitrusTest.java:173)
	at com.consol.citrus.dsl.testng.TestNGCitrusTest.invokeTestMethod(TestNGCitrusTest.java:138)
	at com.consol.citrus.dsl.testng.TestNGCitrusTest.run(TestNGCitrusTest.java:112)
	at com.consol.citrus.dsl.testng.TestNGCitrusTest.run(TestNGCitrusTest.java:61)
	at org.testng.internal.invokers.MethodInvocationHelper.invokeHookable(MethodInvocationHelper.java:266)
	at org.testng.internal.invokers.TestInvoker.invokeMethod(TestInvoker.java:665)
	at org.testng.internal.invokers.TestInvoker.invokeTestMethod(TestInvoker.java:220)
	at org.testng.internal.invokers.MethodRunner.runInSequence(MethodRunner.java:50)
	at org.testng.internal.invokers.TestInvoker$MethodInvocationAgent.invoke(TestInvoker.java:945)
	at org.testng.internal.invokers.TestInvoker.invokeTestMethods(TestInvoker.java:193)
	at org.testng.internal.invokers.TestMethodWorker.invokeTestMethods(TestMethodWorker.java:146)
	at org.testng.internal.invokers.TestMethodWorker.run(TestMethodWorker.java:128)
	at java.base/java.util.ArrayList.forEach(ArrayList.java:1511)
	at org.testng.TestRunner.privateRun(TestRunner.java:808)
	at org.testng.TestRunner.run(TestRunner.java:603)
	at org.testng.SuiteRunner.runTest(SuiteRunner.java:429)
	at org.testng.SuiteRunner.runSequentially(SuiteRunner.java:423)
	at org.testng.SuiteRunner.privateRun(SuiteRunner.java:383)
	at org.testng.SuiteRunner.run(SuiteRunner.java:326)
	at org.testng.SuiteRunnerWorker.runSuite(SuiteRunnerWorker.java:52)
	at org.testng.SuiteRunnerWorker.run(SuiteRunnerWorker.java:95)
	at org.testng.TestNG.runSuitesSequentially(TestNG.java:1249)
	at org.testng.TestNG.runSuitesLocally(TestNG.java:1169)
	at org.testng.TestNG.runSuites(TestNG.java:1092)
	at org.testng.TestNG.run(TestNG.java:1060)
	at com.intellij.rt.testng.IDEARemoteTestNG.run(IDEARemoteTestNG.java:66)
	at com.intellij.rt.testng.RemoteTestNGStarter.main(RemoteTestNGStarter.java:109)

        ]]>
      </failure>
    </testcase>
</testsuite>