<?xml version="1.0" encoding="UTF-8"?>
<testsuite xmlns:xsi="http://www.w3.org/2001/XMLSchema-instance" xsi:noNamespaceSchemaLocation="https://maven.apache.org/surefire/maven-surefire-plugin/xsd/surefire-test-report.xsd" name="com.citrus.myproject.API_Test" time="1.071" tests="1" errors="0" skipped="0" failures="1">
  <properties>
    <property name="java.specification.version" value="19"/>
    <property name="sun.jnu.encoding" value="UTF-8"/>
    <property name="java.class.path" value="/Users/jonathan/TestCitrusProject/target/test-classes:/Users/jonathan/TestCitrusProject/target/classes:/Users/jonathan/.m2/repository/com/consol/citrus/citrus-core/3.3.1/citrus-core-3.3.1.jar:/Users/jonathan/.m2/repository/com/consol/citrus/citrus-spring/3.3.1/citrus-spring-3.3.1.jar:/Users/jonathan/.m2/repository/xerces/xercesImpl/2.12.2/xercesImpl-2.12.2.jar:/Users/jonathan/.m2/repository/xml-apis/xml-apis/1.4.01/xml-apis-1.4.01.jar:/Users/jonathan/.m2/repository/org/springframework/spring-oxm/5.3.20/spring-oxm-5.3.20.jar:/Users/jonathan/.m2/repository/com/consol/citrus/citrus-validation-xml/3.3.1/citrus-validation-xml-3.3.1.jar:/Users/jonathan/.m2/repository/org/glassfish/jaxb/jaxb-runtime/2.3.6/jaxb-runtime-2.3.6.jar:/Users/jonathan/.m2/repository/org/glassfish/jaxb/txw2/2.3.6/txw2-2.3.6.jar:/Users/jonathan/.m2/repository/com/sun/istack/istack-commons-runtime/3.0.12/istack-commons-runtime-3.0.12.jar:/Users/jonathan/.m2/repository/xalan/xalan/2.7.2/xalan-2.7.2.jar:/Users/jonathan/.m2/repository/xalan/serializer/2.7.2/serializer-2.7.2.jar:/Users/jonathan/.m2/repository/wsdl4j/wsdl4j/1.6.3/wsdl4j-1.6.3.jar:/Users/jonathan/.m2/repository/net/sf/jtidy/jtidy/r938/jtidy-r938.jar:/Users/jonathan/.m2/repository/com/consol/citrus/citrus-validation-json/3.3.1/citrus-validation-json-3.3.1.jar:/Users/jonathan/.m2/repository/com/fasterxml/jackson/core/jackson-core/2.13.3/jackson-core-2.13.3.jar:/Users/jonathan/.m2/repository/com/fasterxml/jackson/core/jackson-databind/2.13.3/jackson-databind-2.13.3.jar:/Users/jonathan/.m2/repository/com/fasterxml/jackson/core/jackson-annotations/2.13.3/jackson-annotations-2.13.3.jar:/Users/jonathan/.m2/repository/com/jayway/jsonpath/json-path/2.7.0/json-path-2.7.0.jar:/Users/jonathan/.m2/repository/com/github/java-json-tools/json-schema-validator/2.2.14/json-schema-validator-2.2.14.jar:/Users/jonathan/.m2/repository/com/github/java-json-tools/jackson-coreutils-equivalence/1.0/jackson-coreutils-equivalence-1.0.jar:/Users/jonathan/.m2/repository/com/github/java-json-tools/jackson-coreutils/2.0/jackson-coreutils-2.0.jar:/Users/jonathan/.m2/repository/com/github/java-json-tools/msg-simple/1.2/msg-simple-1.2.jar:/Users/jonathan/.m2/repository/com/github/java-json-tools/btf/1.3/btf-1.3.jar:/Users/jonathan/.m2/repository/com/github/java-json-tools/json-schema-core/1.2.14/json-schema-core-1.2.14.jar:/Users/jonathan/.m2/repository/com/github/java-json-tools/uri-template/0.10/uri-template-0.10.jar:/Users/jonathan/.m2/repository/org/mozilla/rhino/1.7.7.2/rhino-1.7.7.2.jar:/Users/jonathan/.m2/repository/com/sun/mail/mailapi/1.6.2/mailapi-1.6.2.jar:/Users/jonathan/.m2/repository/joda-time/joda-time/2.10.5/joda-time-2.10.5.jar:/Users/jonathan/.m2/repository/com/googlecode/libphonenumber/libphonenumber/8.11.1/libphonenumber-8.11.1.jar:/Users/jonathan/.m2/repository/net/sf/jopt-simple/jopt-simple/5.0.4/jopt-simple-5.0.4.jar:/Users/jonathan/.m2/repository/com/google/guava/guava/31.1-jre/guava-31.1-jre.jar:/Users/jonathan/.m2/repository/com/google/guava/failureaccess/1.0.1/failureaccess-1.0.1.jar:/Users/jonathan/.m2/repository/com/google/guava/listenablefuture/9999.0-empty-to-avoid-conflict-with-guava/listenablefuture-9999.0-empty-to-avoid-conflict-with-guava.jar:/Users/jonathan/.m2/repository/org/checkerframework/checker-qual/3.12.0/checker-qual-3.12.0.jar:/Users/jonathan/.m2/repository/com/google/errorprone/error_prone_annotations/2.11.0/error_prone_annotations-2.11.0.jar:/Users/jonathan/.m2/repository/com/google/j2objc/j2objc-annotations/1.3/j2objc-annotations-1.3.jar:/Users/jonathan/.m2/repository/com/consol/citrus/citrus-validation-text/3.3.1/citrus-validation-text-3.3.1.jar:/Users/jonathan/.m2/repository/com/consol/citrus/citrus-validation-binary/3.3.1/citrus-validation-binary-3.3.1.jar:/Users/jonathan/.m2/repository/com/consol/citrus/citrus-validation-groovy/3.3.1/citrus-validation-groovy-3.3.1.jar:/Users/jonathan/.m2/repository/org/codehaus/groovy/groovy/3.0.10/groovy-3.0.10.jar:/Users/jonathan/.m2/repository/org/codehaus/groovy/groovy-jsr223/3.0.10/groovy-jsr223-3.0.10.jar:/Users/jonathan/.m2/repository/org/codehaus/groovy/groovy-json/3.0.10/groovy-json-3.0.10.jar:/Users/jonathan/.m2/repository/org/codehaus/groovy/groovy-xml/3.0.10/groovy-xml-3.0.10.jar:/Users/jonathan/.m2/repository/com/consol/citrus/citrus-validation-hamcrest/3.3.1/citrus-validation-hamcrest-3.3.1.jar:/Users/jonathan/.m2/repository/org/hamcrest/hamcrest/2.2/hamcrest-2.2.jar:/Users/jonathan/.m2/repository/org/hamcrest/hamcrest-library/2.2/hamcrest-library-2.2.jar:/Users/jonathan/.m2/repository/org/hamcrest/hamcrest-core/2.2/hamcrest-core-2.2.jar:/Users/jonathan/.m2/repository/com/consol/citrus/citrus-junit/3.3.1/citrus-junit-3.3.1.jar:/Users/jonathan/.m2/repository/com/consol/citrus/citrus-junit5/3.3.1/citrus-junit5-3.3.1.jar:/Users/jonathan/.m2/repository/com/consol/citrus/citrus-main/3.3.1/citrus-main-3.3.1.jar:/Users/jonathan/.m2/repository/com/consol/citrus/citrus-cucumber/3.3.1/citrus-cucumber-3.3.1.jar:/Users/jonathan/.m2/repository/io/cucumber/cucumber-java/7.3.1/cucumber-java-7.3.1.jar:/Users/jonathan/.m2/repository/io/cucumber/cucumber-core/7.3.1/cucumber-core-7.3.1.jar:/Users/jonathan/.m2/repository/io/cucumber/cucumber-gherkin/7.3.1/cucumber-gherkin-7.3.1.jar:/Users/jonathan/.m2/repository/io/cucumber/cucumber-gherkin-messages/7.3.1/cucumber-gherkin-messages-7.3.1.jar:/Users/jonathan/.m2/repository/io/cucumber/gherkin/23.0.1/gherkin-23.0.1.jar:/Users/jonathan/.m2/repository/io/cucumber/messages/18.0.0/messages-18.0.0.jar:/Users/jonathan/.m2/repository/io/cucumber/tag-expressions/4.1.0/tag-expressions-4.1.0.jar:/Users/jonathan/.m2/repository/io/cucumber/cucumber-expressions/15.0.2/cucumber-expressions-15.0.2.jar:/Users/jonathan/.m2/repository/io/cucumber/datatable/7.3.1/datatable-7.3.1.jar:/Users/jonathan/.m2/repository/io/cucumber/cucumber-plugin/7.3.1/cucumber-plugin-7.3.1.jar:/Users/jonathan/.m2/repository/io/cucumber/docstring/7.3.1/docstring-7.3.1.jar:/Users/jonathan/.m2/repository/io/cucumber/html-formatter/19.1.0/html-formatter-19.1.0.jar:/Users/jonathan/.m2/repository/io/cucumber/ci-environment/9.0.4/ci-environment-9.0.4.jar:/Users/jonathan/.m2/repository/org/apiguardian/apiguardian-api/1.1.2/apiguardian-api-1.1.2.jar:/Users/jonathan/.m2/repository/com/consol/citrus/citrus-groovy/3.3.1/citrus-groovy-3.3.1.jar:/Users/jonathan/.m2/repository/com/consol/citrus/citrus-spring-integration/3.3.1/citrus-spring-integration-3.3.1.jar:/Users/jonathan/.m2/repository/org/springframework/integration/spring-integration-core/5.5.11/spring-integration-core-5.5.11.jar:/Users/jonathan/.m2/repository/org/springframework/retry/spring-retry/1.3.3/spring-retry-1.3.3.jar:/Users/jonathan/.m2/repository/io/projectreactor/reactor-core/3.4.16/reactor-core-3.4.16.jar:/Users/jonathan/.m2/repository/org/reactivestreams/reactive-streams/1.0.3/reactive-streams-1.0.3.jar:/Users/jonathan/.m2/repository/com/consol/citrus/citrus-sql/3.3.1/citrus-sql-3.3.1.jar:/Users/jonathan/.m2/repository/org/springframework/spring-jdbc/5.3.20/spring-jdbc-5.3.20.jar:/Users/jonathan/.m2/repository/org/springframework/spring-test/5.3.20/spring-test-5.3.20.jar:/Users/jonathan/.m2/repository/com/consol/citrus/citrus-jms/3.3.1/citrus-jms-3.3.1.jar:/Users/jonathan/.m2/repository/com/consol/citrus/citrus-base/3.3.1/citrus-base-3.3.1.jar:/Users/jonathan/.m2/repository/com/consol/citrus/citrus-api/3.3.1/citrus-api-3.3.1.jar:/Users/jonathan/.m2/repository/commons-lang/commons-lang/2.6/commons-lang-2.6.jar:/Users/jonathan/.m2/repository/org/springframework/spring-jms/5.3.20/spring-jms-5.3.20.jar:/Users/jonathan/.m2/repository/org/springframework/spring-messaging/5.3.20/spring-messaging-5.3.20.jar:/Users/jonathan/.m2/repository/org/springframework/spring-tx/5.3.20/spring-tx-5.3.20.jar:/Users/jonathan/.m2/repository/jakarta/jms/jakarta.jms-api/2.0.3/jakarta.jms-api-2.0.3.jar:/Users/jonathan/.m2/repository/jakarta/xml/bind/jakarta.xml.bind-api/2.3.3/jakarta.xml.bind-api-2.3.3.jar:/Users/jonathan/.m2/repository/jakarta/activation/jakarta.activation-api/1.2.2/jakarta.activation-api-1.2.2.jar:/Users/jonathan/.m2/repository/com/sun/xml/messaging/saaj/saaj-impl/1.5.3/saaj-impl-1.5.3.jar:/Users/jonathan/.m2/repository/jakarta/xml/soap/jakarta.xml.soap-api/1.4.2/jakarta.xml.soap-api-1.4.2.jar:/Users/jonathan/.m2/repository/org/jvnet/staxex/stax-ex/1.8.3/stax-ex-1.8.3.jar:/Users/jonathan/.m2/repository/org/springframework/ws/spring-ws-core/3.1.3/spring-ws-core-3.1.3.jar:/Users/jonathan/.m2/repository/org/springframework/spring-webmvc/5.3.20/spring-webmvc-5.3.20.jar:/Users/jonathan/.m2/repository/org/springframework/spring-expression/5.3.20/spring-expression-5.3.20.jar:/Users/jonathan/.m2/repository/com/consol/citrus/citrus-ws/3.3.1/citrus-ws-3.3.1.jar:/Users/jonathan/.m2/repository/com/sun/activation/jakarta.activation/1.2.2/jakarta.activation-1.2.2.jar:/Users/jonathan/.m2/repository/org/eclipse/jetty/jetty-server/9.4.46.v20220331/jetty-server-9.4.46.v20220331.jar:/Users/jonathan/.m2/repository/org/eclipse/jetty/jetty-http/9.4.46.v20220331/jetty-http-9.4.46.v20220331.jar:/Users/jonathan/.m2/repository/org/eclipse/jetty/jetty-util/9.4.46.v20220331/jetty-util-9.4.46.v20220331.jar:/Users/jonathan/.m2/repository/org/eclipse/jetty/jetty-io/9.4.46.v20220331/jetty-io-9.4.46.v20220331.jar:/Users/jonathan/.m2/repository/org/eclipse/jetty/jetty-servlet/9.4.46.v20220331/jetty-servlet-9.4.46.v20220331.jar:/Users/jonathan/.m2/repository/org/eclipse/jetty/jetty-security/9.4.46.v20220331/jetty-security-9.4.46.v20220331.jar:/Users/jonathan/.m2/repository/org/eclipse/jetty/jetty-util-ajax/9.4.46.v20220331/jetty-util-ajax-9.4.46.v20220331.jar:/Users/jonathan/.m2/repository/jakarta/servlet/jakarta.servlet-api/4.0.4/jakarta.servlet-api-4.0.4.jar:/Users/jonathan/.m2/repository/commons-codec/commons-codec/1.15/commons-codec-1.15.jar:/Users/jonathan/.m2/repository/commons-io/commons-io/2.11.0/commons-io-2.11.0.jar:/Users/jonathan/.m2/repository/org/springframework/spring-core/5.3.20/spring-core-5.3.20.jar:/Users/jonathan/.m2/repository/org/springframework/spring-jcl/5.3.20/spring-jcl-5.3.20.jar:/Users/jonathan/.m2/repository/org/springframework/spring-beans/5.3.20/spring-beans-5.3.20.jar:/Users/jonathan/.m2/repository/org/springframework/spring-aop/5.3.20/spring-aop-5.3.20.jar:/Users/jonathan/.m2/repository/org/springframework/ws/spring-xml/3.1.3/spring-xml-3.1.3.jar:/Users/jonathan/.m2/repository/org/springframework/spring-context/5.3.20/spring-context-5.3.20.jar:/Users/jonathan/.m2/repository/com/consol/citrus/citrus-http/3.3.1/citrus-http-3.3.1.jar:/Users/jonathan/.m2/repository/org/springframework/integration/spring-integration-http/5.5.11/spring-integration-http-5.5.11.jar:/Users/jonathan/.m2/repository/org/apache/httpcomponents/httpclient/4.5.13/httpclient-4.5.13.jar:/Users/jonathan/.m2/repository/org/apache/httpcomponents/httpcore/4.4.13/httpcore-4.4.13.jar:/Users/jonathan/.m2/repository/commons-logging/commons-logging/1.2/commons-logging-1.2.jar:/Users/jonathan/.m2/repository/com/consol/citrus/citrus-testng/3.3.1/citrus-testng-3.3.1.jar:/Users/jonathan/.m2/repository/com/consol/citrus/citrus-java-dsl/3.3.1/citrus-java-dsl-3.3.1.jar:/Users/jonathan/.m2/repository/com/consol/citrus/citrus-endpoint-catalog/3.3.1/citrus-endpoint-catalog-3.3.1.jar:/Users/jonathan/.m2/repository/org/apache/maven/plugins/maven-surefire-plugin/2.22.2/maven-surefire-plugin-2.22.2.jar:/Users/jonathan/.m2/repository/org/apache/maven/surefire/maven-surefire-common/2.22.2/maven-surefire-common-2.22.2.jar:/Users/jonathan/.m2/repository/org/apache/maven/maven-plugin-api/2.2.1/maven-plugin-api-2.2.1.jar:/Users/jonathan/.m2/repository/org/apache/maven/plugin-tools/maven-plugin-annotations/3.5.2/maven-plugin-annotations-3.5.2.jar:/Users/jonathan/.m2/repository/org/apache/maven/surefire/surefire-api/2.22.2/surefire-api-2.22.2.jar:/Users/jonathan/.m2/repository/org/apache/maven/surefire/surefire-logger-api/2.22.2/surefire-logger-api-2.22.2.jar:/Users/jonathan/.m2/repository/org/apache/maven/surefire/surefire-booter/2.22.2/surefire-booter-2.22.2.jar:/Users/jonathan/.m2/repository/org/apache/maven/maven-artifact/2.2.1/maven-artifact-2.2.1.jar:/Users/jonathan/.m2/repository/org/codehaus/plexus/plexus-utils/1.5.15/plexus-utils-1.5.15.jar:/Users/jonathan/.m2/repository/org/apache/maven/maven-plugin-descriptor/2.2.1/maven-plugin-descriptor-2.2.1.jar:/Users/jonathan/.m2/repository/org/codehaus/plexus/plexus-container-default/1.0-alpha-9-stable-1/plexus-container-default-1.0-alpha-9-stable-1.jar:/Users/jonathan/.m2/repository/org/apache/maven/maven-project/2.2.1/maven-project-2.2.1.jar:/Users/jonathan/.m2/repository/org/apache/maven/maven-settings/2.2.1/maven-settings-2.2.1.jar:/Users/jonathan/.m2/repository/org/apache/maven/maven-profile/2.2.1/maven-profile-2.2.1.jar:/Users/jonathan/.m2/repository/org/apache/maven/maven-artifact-manager/2.2.1/maven-artifact-manager-2.2.1.jar:/Users/jonathan/.m2/repository/backport-util-concurrent/backport-util-concurrent/3.1/backport-util-concurrent-3.1.jar:/Users/jonathan/.m2/repository/org/apache/maven/maven-plugin-registry/2.2.1/maven-plugin-registry-2.2.1.jar:/Users/jonathan/.m2/repository/org/codehaus/plexus/plexus-interpolation/1.11/plexus-interpolation-1.11.jar:/Users/jonathan/.m2/repository/org/apache/maven/maven-model/2.2.1/maven-model-2.2.1.jar:/Users/jonathan/.m2/repository/org/apache/maven/maven-core/2.2.1/maven-core-2.2.1.jar:/Users/jonathan/.m2/repository/org/apache/maven/maven-plugin-parameter-documenter/2.2.1/maven-plugin-parameter-documenter-2.2.1.jar:/Users/jonathan/.m2/repository/org/apache/maven/wagon/wagon-http/1.0-beta-6/wagon-http-1.0-beta-6.jar:/Users/jonathan/.m2/repository/org/apache/maven/wagon/wagon-http-shared/1.0-beta-6/wagon-http-shared-1.0-beta-6.jar:/Users/jonathan/.m2/repository/nekohtml/xercesMinimal/1.9.6.2/xercesMinimal-1.9.6.2.jar:/Users/jonathan/.m2/repository/nekohtml/nekohtml/1.9.6.2/nekohtml-1.9.6.2.jar:/Users/jonathan/.m2/repository/commons-httpclient/commons-httpclient/3.1/commons-httpclient-3.1.jar:/Users/jonathan/.m2/repository/org/apache/maven/wagon/wagon-webdav-jackrabbit/1.0-beta-6/wagon-webdav-jackrabbit-1.0-beta-6.jar:/Users/jonathan/.m2/repository/org/apache/jackrabbit/jackrabbit-webdav/1.5.0/jackrabbit-webdav-1.5.0.jar:/Users/jonathan/.m2/repository/org/apache/jackrabbit/jackrabbit-jcr-commons/1.5.0/jackrabbit-jcr-commons-1.5.0.jar:/Users/jonathan/.m2/repository/org/slf4j/slf4j-nop/1.5.3/slf4j-nop-1.5.3.jar:/Users/jonathan/.m2/repository/org/slf4j/slf4j-jdk14/1.5.6/slf4j-jdk14-1.5.6.jar:/Users/jonathan/.m2/repository/org/apache/maven/reporting/maven-reporting-api/2.2.1/maven-reporting-api-2.2.1.jar:/Users/jonathan/.m2/repository/org/apache/maven/doxia/doxia-logging-api/1.1/doxia-logging-api-1.1.jar:/Users/jonathan/.m2/repository/org/apache/maven/wagon/wagon-provider-api/1.0-beta-6/wagon-provider-api-1.0-beta-6.jar:/Users/jonathan/.m2/repository/org/apache/maven/maven-repository-metadata/2.2.1/maven-repository-metadata-2.2.1.jar:/Users/jonathan/.m2/repository/org/apache/maven/maven-error-diagnostics/2.2.1/maven-error-diagnostics-2.2.1.jar:/Users/jonathan/.m2/repository/org/apache/maven/maven-monitor/2.2.1/maven-monitor-2.2.1.jar:/Users/jonathan/.m2/repository/classworlds/classworlds/1.1/classworlds-1.1.jar:/Users/jonathan/.m2/repository/org/sonatype/plexus/plexus-sec-dispatcher/1.3/plexus-sec-dispatcher-1.3.jar:/Users/jonathan/.m2/repository/org/sonatype/plexus/plexus-cipher/1.4/plexus-cipher-1.4.jar:/Users/jonathan/.m2/repository/org/apache/maven/maven-toolchain/2.2.1/maven-toolchain-2.2.1.jar:/Users/jonathan/.m2/repository/org/codehaus/plexus/plexus-java/0.9.10/plexus-java-0.9.10.jar:/Users/jonathan/.m2/repository/com/thoughtworks/qdox/qdox/2.0-M8/qdox-2.0-M8.jar:/Users/jonathan/.m2/repository/org/testng/testng/7.5/testng-7.5.jar:/Users/jonathan/.m2/repository/com/google/code/findbugs/jsr305/3.0.1/jsr305-3.0.1.jar:/Users/jonathan/.m2/repository/com/beust/jcommander/1.78/jcommander-1.78.jar:/Users/jonathan/.m2/repository/org/webjars/jquery/3.5.1/jquery-3.5.1.jar:/Users/jonathan/.m2/repository/junit/junit/4.13.2/junit-4.13.2.jar:/Users/jonathan/.m2/repository/org/springframework/spring-web/5.3.17/spring-web-5.3.17.jar:/Users/jonathan/.m2/repository/org/apache/logging/log4j/log4j-slf4j-impl/2.15.0/log4j-slf4j-impl-2.15.0.jar:/Users/jonathan/.m2/repository/org/apache/logging/log4j/log4j-api/2.15.0/log4j-api-2.15.0.jar:/Users/jonathan/.m2/repository/org/apache/logging/log4j/log4j-core/2.15.0/log4j-core-2.15.0.jar:/Users/jonathan/.m2/repository/org/slf4j/slf4j-api/2.0.0-alpha1/slf4j-api-2.0.0-alpha1.jar:/Users/jonathan/.m2/repository/org/slf4j/jcl-over-slf4j/2.0.0-alpha1/jcl-over-slf4j-2.0.0-alpha1.jar:/Users/jonathan/.m2/repository/org/slf4j/slf4j-simple/2.0.0-alpha1/slf4j-simple-2.0.0-alpha1.jar:/Users/jonathan/.m2/repository/ch/qos/logback/logback-classic/1.2.3/logback-classic-1.2.3.jar:/Users/jonathan/.m2/repository/ch/qos/logback/logback-core/1.2.3/logback-core-1.2.3.jar:/Users/jonathan/.m2/repository/net/minidev/json-smart/2.4.7/json-smart-2.4.7.jar:/Users/jonathan/.m2/repository/net/minidev/accessors-smart/2.4.7/accessors-smart-2.4.7.jar:/Users/jonathan/.m2/repository/org/ow2/asm/asm/9.1/asm-9.1.jar:/Users/jonathan/.m2/repository/org/json/json/20210307/json-20210307.jar:/Users/jonathan/.m2/repository/com/googlecode/json-simple/json-simple/1.1.1/json-simple-1.1.1.jar:/Users/jonathan/.m2/repository/com/google/code/gson/gson/2.8.9/gson-2.8.9.jar:"/>
    <property name="java.vm.vendor" value="Oracle Corporation"/>
    <property name="sun.arch.data.model" value="64"/>
    <property name="java.vendor.url" value="https://java.oracle.com/"/>
    <property name="os.name" value="Mac OS X"/>
    <property name="java.vm.specification.version" value="19"/>
    <property name="sun.java.launcher" value="SUN_STANDARD"/>
    <property name="user.country" value="FR"/>
    <property name="sun.boot.library.path" value="/Library/Java/JavaVirtualMachines/jdk-19.jdk/Contents/Home/lib"/>
    <property name="sun.java.command" value="/Users/jonathan/TestCitrusProject/target/surefire/surefirebooter17677769503441046907.jar /Users/jonathan/TestCitrusProject/target/surefire 2023-03-04T20-13-36_219-jvmRun1 surefire17074946279408627600tmp surefire_04511095234370257830tmp"/>
    <property name="http.nonProxyHosts" value="local|*.local|169.254/16|*.169.254/16"/>
    <property name="jdk.debug" value="release"/>
    <property name="surefire.test.class.path" value="/Users/jonathan/TestCitrusProject/target/test-classes:/Users/jonathan/TestCitrusProject/target/classes:/Users/jonathan/.m2/repository/com/consol/citrus/citrus-core/3.3.1/citrus-core-3.3.1.jar:/Users/jonathan/.m2/repository/com/consol/citrus/citrus-spring/3.3.1/citrus-spring-3.3.1.jar:/Users/jonathan/.m2/repository/xerces/xercesImpl/2.12.2/xercesImpl-2.12.2.jar:/Users/jonathan/.m2/repository/xml-apis/xml-apis/1.4.01/xml-apis-1.4.01.jar:/Users/jonathan/.m2/repository/org/springframework/spring-oxm/5.3.20/spring-oxm-5.3.20.jar:/Users/jonathan/.m2/repository/com/consol/citrus/citrus-validation-xml/3.3.1/citrus-validation-xml-3.3.1.jar:/Users/jonathan/.m2/repository/org/glassfish/jaxb/jaxb-runtime/2.3.6/jaxb-runtime-2.3.6.jar:/Users/jonathan/.m2/repository/org/glassfish/jaxb/txw2/2.3.6/txw2-2.3.6.jar:/Users/jonathan/.m2/repository/com/sun/istack/istack-commons-runtime/3.0.12/istack-commons-runtime-3.0.12.jar:/Users/jonathan/.m2/repository/xalan/xalan/2.7.2/xalan-2.7.2.jar:/Users/jonathan/.m2/repository/xalan/serializer/2.7.2/serializer-2.7.2.jar:/Users/jonathan/.m2/repository/wsdl4j/wsdl4j/1.6.3/wsdl4j-1.6.3.jar:/Users/jonathan/.m2/repository/net/sf/jtidy/jtidy/r938/jtidy-r938.jar:/Users/jonathan/.m2/repository/com/consol/citrus/citrus-validation-json/3.3.1/citrus-validation-json-3.3.1.jar:/Users/jonathan/.m2/repository/com/fasterxml/jackson/core/jackson-core/2.13.3/jackson-core-2.13.3.jar:/Users/jonathan/.m2/repository/com/fasterxml/jackson/core/jackson-databind/2.13.3/jackson-databind-2.13.3.jar:/Users/jonathan/.m2/repository/com/fasterxml/jackson/core/jackson-annotations/2.13.3/jackson-annotations-2.13.3.jar:/Users/jonathan/.m2/repository/com/jayway/jsonpath/json-path/2.7.0/json-path-2.7.0.jar:/Users/jonathan/.m2/repository/com/github/java-json-tools/json-schema-validator/2.2.14/json-schema-validator-2.2.14.jar:/Users/jonathan/.m2/repository/com/github/java-json-tools/jackson-coreutils-equivalence/1.0/jackson-coreutils-equivalence-1.0.jar:/Users/jonathan/.m2/repository/com/github/java-json-tools/jackson-coreutils/2.0/jackson-coreutils-2.0.jar:/Users/jonathan/.m2/repository/com/github/java-json-tools/msg-simple/1.2/msg-simple-1.2.jar:/Users/jonathan/.m2/repository/com/github/java-json-tools/btf/1.3/btf-1.3.jar:/Users/jonathan/.m2/repository/com/github/java-json-tools/json-schema-core/1.2.14/json-schema-core-1.2.14.jar:/Users/jonathan/.m2/repository/com/github/java-json-tools/uri-template/0.10/uri-template-0.10.jar:/Users/jonathan/.m2/repository/org/mozilla/rhino/1.7.7.2/rhino-1.7.7.2.jar:/Users/jonathan/.m2/repository/com/sun/mail/mailapi/1.6.2/mailapi-1.6.2.jar:/Users/jonathan/.m2/repository/joda-time/joda-time/2.10.5/joda-time-2.10.5.jar:/Users/jonathan/.m2/repository/com/googlecode/libphonenumber/libphonenumber/8.11.1/libphonenumber-8.11.1.jar:/Users/jonathan/.m2/repository/net/sf/jopt-simple/jopt-simple/5.0.4/jopt-simple-5.0.4.jar:/Users/jonathan/.m2/repository/com/google/guava/guava/31.1-jre/guava-31.1-jre.jar:/Users/jonathan/.m2/repository/com/google/guava/failureaccess/1.0.1/failureaccess-1.0.1.jar:/Users/jonathan/.m2/repository/com/google/guava/listenablefuture/9999.0-empty-to-avoid-conflict-with-guava/listenablefuture-9999.0-empty-to-avoid-conflict-with-guava.jar:/Users/jonathan/.m2/repository/org/checkerframework/checker-qual/3.12.0/checker-qual-3.12.0.jar:/Users/jonathan/.m2/repository/com/google/errorprone/error_prone_annotations/2.11.0/error_prone_annotations-2.11.0.jar:/Users/jonathan/.m2/repository/com/google/j2objc/j2objc-annotations/1.3/j2objc-annotations-1.3.jar:/Users/jonathan/.m2/repository/com/consol/citrus/citrus-validation-text/3.3.1/citrus-validation-text-3.3.1.jar:/Users/jonathan/.m2/repository/com/consol/citrus/citrus-validation-binary/3.3.1/citrus-validation-binary-3.3.1.jar:/Users/jonathan/.m2/repository/com/consol/citrus/citrus-validation-groovy/3.3.1/citrus-validation-groovy-3.3.1.jar:/Users/jonathan/.m2/repository/org/codehaus/groovy/groovy/3.0.10/groovy-3.0.10.jar:/Users/jonathan/.m2/repository/org/codehaus/groovy/groovy-jsr223/3.0.10/groovy-jsr223-3.0.10.jar:/Users/jonathan/.m2/repository/org/codehaus/groovy/groovy-json/3.0.10/groovy-json-3.0.10.jar:/Users/jonathan/.m2/repository/org/codehaus/groovy/groovy-xml/3.0.10/groovy-xml-3.0.10.jar:/Users/jonathan/.m2/repository/com/consol/citrus/citrus-validation-hamcrest/3.3.1/citrus-validation-hamcrest-3.3.1.jar:/Users/jonathan/.m2/repository/org/hamcrest/hamcrest/2.2/hamcrest-2.2.jar:/Users/jonathan/.m2/repository/org/hamcrest/hamcrest-library/2.2/hamcrest-library-2.2.jar:/Users/jonathan/.m2/repository/org/hamcrest/hamcrest-core/2.2/hamcrest-core-2.2.jar:/Users/jonathan/.m2/repository/com/consol/citrus/citrus-junit/3.3.1/citrus-junit-3.3.1.jar:/Users/jonathan/.m2/repository/com/consol/citrus/citrus-junit5/3.3.1/citrus-junit5-3.3.1.jar:/Users/jonathan/.m2/repository/com/consol/citrus/citrus-main/3.3.1/citrus-main-3.3.1.jar:/Users/jonathan/.m2/repository/com/consol/citrus/citrus-cucumber/3.3.1/citrus-cucumber-3.3.1.jar:/Users/jonathan/.m2/repository/io/cucumber/cucumber-java/7.3.1/cucumber-java-7.3.1.jar:/Users/jonathan/.m2/repository/io/cucumber/cucumber-core/7.3.1/cucumber-core-7.3.1.jar:/Users/jonathan/.m2/repository/io/cucumber/cucumber-gherkin/7.3.1/cucumber-gherkin-7.3.1.jar:/Users/jonathan/.m2/repository/io/cucumber/cucumber-gherkin-messages/7.3.1/cucumber-gherkin-messages-7.3.1.jar:/Users/jonathan/.m2/repository/io/cucumber/gherkin/23.0.1/gherkin-23.0.1.jar:/Users/jonathan/.m2/repository/io/cucumber/messages/18.0.0/messages-18.0.0.jar:/Users/jonathan/.m2/repository/io/cucumber/tag-expressions/4.1.0/tag-expressions-4.1.0.jar:/Users/jonathan/.m2/repository/io/cucumber/cucumber-expressions/15.0.2/cucumber-expressions-15.0.2.jar:/Users/jonathan/.m2/repository/io/cucumber/datatable/7.3.1/datatable-7.3.1.jar:/Users/jonathan/.m2/repository/io/cucumber/cucumber-plugin/7.3.1/cucumber-plugin-7.3.1.jar:/Users/jonathan/.m2/repository/io/cucumber/docstring/7.3.1/docstring-7.3.1.jar:/Users/jonathan/.m2/repository/io/cucumber/html-formatter/19.1.0/html-formatter-19.1.0.jar:/Users/jonathan/.m2/repository/io/cucumber/ci-environment/9.0.4/ci-environment-9.0.4.jar:/Users/jonathan/.m2/repository/org/apiguardian/apiguardian-api/1.1.2/apiguardian-api-1.1.2.jar:/Users/jonathan/.m2/repository/com/consol/citrus/citrus-groovy/3.3.1/citrus-groovy-3.3.1.jar:/Users/jonathan/.m2/repository/com/consol/citrus/citrus-spring-integration/3.3.1/citrus-spring-integration-3.3.1.jar:/Users/jonathan/.m2/repository/org/springframework/integration/spring-integration-core/5.5.11/spring-integration-core-5.5.11.jar:/Users/jonathan/.m2/repository/org/springframework/retry/spring-retry/1.3.3/spring-retry-1.3.3.jar:/Users/jonathan/.m2/repository/io/projectreactor/reactor-core/3.4.16/reactor-core-3.4.16.jar:/Users/jonathan/.m2/repository/org/reactivestreams/reactive-streams/1.0.3/reactive-streams-1.0.3.jar:/Users/jonathan/.m2/repository/com/consol/citrus/citrus-sql/3.3.1/citrus-sql-3.3.1.jar:/Users/jonathan/.m2/repository/org/springframework/spring-jdbc/5.3.20/spring-jdbc-5.3.20.jar:/Users/jonathan/.m2/repository/org/springframework/spring-test/5.3.20/spring-test-5.3.20.jar:/Users/jonathan/.m2/repository/com/consol/citrus/citrus-jms/3.3.1/citrus-jms-3.3.1.jar:/Users/jonathan/.m2/repository/com/consol/citrus/citrus-base/3.3.1/citrus-base-3.3.1.jar:/Users/jonathan/.m2/repository/com/consol/citrus/citrus-api/3.3.1/citrus-api-3.3.1.jar:/Users/jonathan/.m2/repository/commons-lang/commons-lang/2.6/commons-lang-2.6.jar:/Users/jonathan/.m2/repository/org/springframework/spring-jms/5.3.20/spring-jms-5.3.20.jar:/Users/jonathan/.m2/repository/org/springframework/spring-messaging/5.3.20/spring-messaging-5.3.20.jar:/Users/jonathan/.m2/repository/org/springframework/spring-tx/5.3.20/spring-tx-5.3.20.jar:/Users/jonathan/.m2/repository/jakarta/jms/jakarta.jms-api/2.0.3/jakarta.jms-api-2.0.3.jar:/Users/jonathan/.m2/repository/jakarta/xml/bind/jakarta.xml.bind-api/2.3.3/jakarta.xml.bind-api-2.3.3.jar:/Users/jonathan/.m2/repository/jakarta/activation/jakarta.activation-api/1.2.2/jakarta.activation-api-1.2.2.jar:/Users/jonathan/.m2/repository/com/sun/xml/messaging/saaj/saaj-impl/1.5.3/saaj-impl-1.5.3.jar:/Users/jonathan/.m2/repository/jakarta/xml/soap/jakarta.xml.soap-api/1.4.2/jakarta.xml.soap-api-1.4.2.jar:/Users/jonathan/.m2/repository/org/jvnet/staxex/stax-ex/1.8.3/stax-ex-1.8.3.jar:/Users/jonathan/.m2/repository/org/springframework/ws/spring-ws-core/3.1.3/spring-ws-core-3.1.3.jar:/Users/jonathan/.m2/repository/org/springframework/spring-webmvc/5.3.20/spring-webmvc-5.3.20.jar:/Users/jonathan/.m2/repository/org/springframework/spring-expression/5.3.20/spring-expression-5.3.20.jar:/Users/jonathan/.m2/repository/com/consol/citrus/citrus-ws/3.3.1/citrus-ws-3.3.1.jar:/Users/jonathan/.m2/repository/com/sun/activation/jakarta.activation/1.2.2/jakarta.activation-1.2.2.jar:/Users/jonathan/.m2/repository/org/eclipse/jetty/jetty-server/9.4.46.v20220331/jetty-server-9.4.46.v20220331.jar:/Users/jonathan/.m2/repository/org/eclipse/jetty/jetty-http/9.4.46.v20220331/jetty-http-9.4.46.v20220331.jar:/Users/jonathan/.m2/repository/org/eclipse/jetty/jetty-util/9.4.46.v20220331/jetty-util-9.4.46.v20220331.jar:/Users/jonathan/.m2/repository/org/eclipse/jetty/jetty-io/9.4.46.v20220331/jetty-io-9.4.46.v20220331.jar:/Users/jonathan/.m2/repository/org/eclipse/jetty/jetty-servlet/9.4.46.v20220331/jetty-servlet-9.4.46.v20220331.jar:/Users/jonathan/.m2/repository/org/eclipse/jetty/jetty-security/9.4.46.v20220331/jetty-security-9.4.46.v20220331.jar:/Users/jonathan/.m2/repository/org/eclipse/jetty/jetty-util-ajax/9.4.46.v20220331/jetty-util-ajax-9.4.46.v20220331.jar:/Users/jonathan/.m2/repository/jakarta/servlet/jakarta.servlet-api/4.0.4/jakarta.servlet-api-4.0.4.jar:/Users/jonathan/.m2/repository/commons-codec/commons-codec/1.15/commons-codec-1.15.jar:/Users/jonathan/.m2/repository/commons-io/commons-io/2.11.0/commons-io-2.11.0.jar:/Users/jonathan/.m2/repository/org/springframework/spring-core/5.3.20/spring-core-5.3.20.jar:/Users/jonathan/.m2/repository/org/springframework/spring-jcl/5.3.20/spring-jcl-5.3.20.jar:/Users/jonathan/.m2/repository/org/springframework/spring-beans/5.3.20/spring-beans-5.3.20.jar:/Users/jonathan/.m2/repository/org/springframework/spring-aop/5.3.20/spring-aop-5.3.20.jar:/Users/jonathan/.m2/repository/org/springframework/ws/spring-xml/3.1.3/spring-xml-3.1.3.jar:/Users/jonathan/.m2/repository/org/springframework/spring-context/5.3.20/spring-context-5.3.20.jar:/Users/jonathan/.m2/repository/com/consol/citrus/citrus-http/3.3.1/citrus-http-3.3.1.jar:/Users/jonathan/.m2/repository/org/springframework/integration/spring-integration-http/5.5.11/spring-integration-http-5.5.11.jar:/Users/jonathan/.m2/repository/org/apache/httpcomponents/httpclient/4.5.13/httpclient-4.5.13.jar:/Users/jonathan/.m2/repository/org/apache/httpcomponents/httpcore/4.4.13/httpcore-4.4.13.jar:/Users/jonathan/.m2/repository/commons-logging/commons-logging/1.2/commons-logging-1.2.jar:/Users/jonathan/.m2/repository/com/consol/citrus/citrus-testng/3.3.1/citrus-testng-3.3.1.jar:/Users/jonathan/.m2/repository/com/consol/citrus/citrus-java-dsl/3.3.1/citrus-java-dsl-3.3.1.jar:/Users/jonathan/.m2/repository/com/consol/citrus/citrus-endpoint-catalog/3.3.1/citrus-endpoint-catalog-3.3.1.jar:/Users/jonathan/.m2/repository/org/apache/maven/plugins/maven-surefire-plugin/2.22.2/maven-surefire-plugin-2.22.2.jar:/Users/jonathan/.m2/repository/org/apache/maven/surefire/maven-surefire-common/2.22.2/maven-surefire-common-2.22.2.jar:/Users/jonathan/.m2/repository/org/apache/maven/maven-plugin-api/2.2.1/maven-plugin-api-2.2.1.jar:/Users/jonathan/.m2/repository/org/apache/maven/plugin-tools/maven-plugin-annotations/3.5.2/maven-plugin-annotations-3.5.2.jar:/Users/jonathan/.m2/repository/org/apache/maven/surefire/surefire-api/2.22.2/surefire-api-2.22.2.jar:/Users/jonathan/.m2/repository/org/apache/maven/surefire/surefire-logger-api/2.22.2/surefire-logger-api-2.22.2.jar:/Users/jonathan/.m2/repository/org/apache/maven/surefire/surefire-booter/2.22.2/surefire-booter-2.22.2.jar:/Users/jonathan/.m2/repository/org/apache/maven/maven-artifact/2.2.1/maven-artifact-2.2.1.jar:/Users/jonathan/.m2/repository/org/codehaus/plexus/plexus-utils/1.5.15/plexus-utils-1.5.15.jar:/Users/jonathan/.m2/repository/org/apache/maven/maven-plugin-descriptor/2.2.1/maven-plugin-descriptor-2.2.1.jar:/Users/jonathan/.m2/repository/org/codehaus/plexus/plexus-container-default/1.0-alpha-9-stable-1/plexus-container-default-1.0-alpha-9-stable-1.jar:/Users/jonathan/.m2/repository/org/apache/maven/maven-project/2.2.1/maven-project-2.2.1.jar:/Users/jonathan/.m2/repository/org/apache/maven/maven-settings/2.2.1/maven-settings-2.2.1.jar:/Users/jonathan/.m2/repository/org/apache/maven/maven-profile/2.2.1/maven-profile-2.2.1.jar:/Users/jonathan/.m2/repository/org/apache/maven/maven-artifact-manager/2.2.1/maven-artifact-manager-2.2.1.jar:/Users/jonathan/.m2/repository/backport-util-concurrent/backport-util-concurrent/3.1/backport-util-concurrent-3.1.jar:/Users/jonathan/.m2/repository/org/apache/maven/maven-plugin-registry/2.2.1/maven-plugin-registry-2.2.1.jar:/Users/jonathan/.m2/repository/org/codehaus/plexus/plexus-interpolation/1.11/plexus-interpolation-1.11.jar:/Users/jonathan/.m2/repository/org/apache/maven/maven-model/2.2.1/maven-model-2.2.1.jar:/Users/jonathan/.m2/repository/org/apache/maven/maven-core/2.2.1/maven-core-2.2.1.jar:/Users/jonathan/.m2/repository/org/apache/maven/maven-plugin-parameter-documenter/2.2.1/maven-plugin-parameter-documenter-2.2.1.jar:/Users/jonathan/.m2/repository/org/apache/maven/wagon/wagon-http/1.0-beta-6/wagon-http-1.0-beta-6.jar:/Users/jonathan/.m2/repository/org/apache/maven/wagon/wagon-http-shared/1.0-beta-6/wagon-http-shared-1.0-beta-6.jar:/Users/jonathan/.m2/repository/nekohtml/xercesMinimal/1.9.6.2/xercesMinimal-1.9.6.2.jar:/Users/jonathan/.m2/repository/nekohtml/nekohtml/1.9.6.2/nekohtml-1.9.6.2.jar:/Users/jonathan/.m2/repository/commons-httpclient/commons-httpclient/3.1/commons-httpclient-3.1.jar:/Users/jonathan/.m2/repository/org/apache/maven/wagon/wagon-webdav-jackrabbit/1.0-beta-6/wagon-webdav-jackrabbit-1.0-beta-6.jar:/Users/jonathan/.m2/repository/org/apache/jackrabbit/jackrabbit-webdav/1.5.0/jackrabbit-webdav-1.5.0.jar:/Users/jonathan/.m2/repository/org/apache/jackrabbit/jackrabbit-jcr-commons/1.5.0/jackrabbit-jcr-commons-1.5.0.jar:/Users/jonathan/.m2/repository/org/slf4j/slf4j-nop/1.5.3/slf4j-nop-1.5.3.jar:/Users/jonathan/.m2/repository/org/slf4j/slf4j-jdk14/1.5.6/slf4j-jdk14-1.5.6.jar:/Users/jonathan/.m2/repository/org/apache/maven/reporting/maven-reporting-api/2.2.1/maven-reporting-api-2.2.1.jar:/Users/jonathan/.m2/repository/org/apache/maven/doxia/doxia-logging-api/1.1/doxia-logging-api-1.1.jar:/Users/jonathan/.m2/repository/org/apache/maven/wagon/wagon-provider-api/1.0-beta-6/wagon-provider-api-1.0-beta-6.jar:/Users/jonathan/.m2/repository/org/apache/maven/maven-repository-metadata/2.2.1/maven-repository-metadata-2.2.1.jar:/Users/jonathan/.m2/repository/org/apache/maven/maven-error-diagnostics/2.2.1/maven-error-diagnostics-2.2.1.jar:/Users/jonathan/.m2/repository/org/apache/maven/maven-monitor/2.2.1/maven-monitor-2.2.1.jar:/Users/jonathan/.m2/repository/classworlds/classworlds/1.1/classworlds-1.1.jar:/Users/jonathan/.m2/repository/org/sonatype/plexus/plexus-sec-dispatcher/1.3/plexus-sec-dispatcher-1.3.jar:/Users/jonathan/.m2/repository/org/sonatype/plexus/plexus-cipher/1.4/plexus-cipher-1.4.jar:/Users/jonathan/.m2/repository/org/apache/maven/maven-toolchain/2.2.1/maven-toolchain-2.2.1.jar:/Users/jonathan/.m2/repository/org/codehaus/plexus/plexus-java/0.9.10/plexus-java-0.9.10.jar:/Users/jonathan/.m2/repository/com/thoughtworks/qdox/qdox/2.0-M8/qdox-2.0-M8.jar:/Users/jonathan/.m2/repository/org/testng/testng/7.5/testng-7.5.jar:/Users/jonathan/.m2/repository/com/google/code/findbugs/jsr305/3.0.1/jsr305-3.0.1.jar:/Users/jonathan/.m2/repository/com/beust/jcommander/1.78/jcommander-1.78.jar:/Users/jonathan/.m2/repository/org/webjars/jquery/3.5.1/jquery-3.5.1.jar:/Users/jonathan/.m2/repository/junit/junit/4.13.2/junit-4.13.2.jar:/Users/jonathan/.m2/repository/org/springframework/spring-web/5.3.17/spring-web-5.3.17.jar:/Users/jonathan/.m2/repository/org/apache/logging/log4j/log4j-slf4j-impl/2.15.0/log4j-slf4j-impl-2.15.0.jar:/Users/jonathan/.m2/repository/org/apache/logging/log4j/log4j-api/2.15.0/log4j-api-2.15.0.jar:/Users/jonathan/.m2/repository/org/apache/logging/log4j/log4j-core/2.15.0/log4j-core-2.15.0.jar:/Users/jonathan/.m2/repository/org/slf4j/slf4j-api/2.0.0-alpha1/slf4j-api-2.0.0-alpha1.jar:/Users/jonathan/.m2/repository/org/slf4j/jcl-over-slf4j/2.0.0-alpha1/jcl-over-slf4j-2.0.0-alpha1.jar:/Users/jonathan/.m2/repository/org/slf4j/slf4j-simple/2.0.0-alpha1/slf4j-simple-2.0.0-alpha1.jar:/Users/jonathan/.m2/repository/ch/qos/logback/logback-classic/1.2.3/logback-classic-1.2.3.jar:/Users/jonathan/.m2/repository/ch/qos/logback/logback-core/1.2.3/logback-core-1.2.3.jar:/Users/jonathan/.m2/repository/net/minidev/json-smart/2.4.7/json-smart-2.4.7.jar:/Users/jonathan/.m2/repository/net/minidev/accessors-smart/2.4.7/accessors-smart-2.4.7.jar:/Users/jonathan/.m2/repository/org/ow2/asm/asm/9.1/asm-9.1.jar:/Users/jonathan/.m2/repository/org/json/json/20210307/json-20210307.jar:/Users/jonathan/.m2/repository/com/googlecode/json-simple/json-simple/1.1.1/json-simple-1.1.1.jar:/Users/jonathan/.m2/repository/com/google/code/gson/gson/2.8.9/gson-2.8.9.jar:"/>
    <property name="sun.cpu.endian" value="little"/>
    <property name="user.home" value="/Users/jonathan"/>
    <property name="user.language" value="fr"/>
    <property name="java.specification.vendor" value="Oracle Corporation"/>
    <property name="java.version.date" value="2022-10-18"/>
    <property name="java.home" value="/Library/Java/JavaVirtualMachines/jdk-19.jdk/Contents/Home"/>
    <property name="file.separator" value="/"/>
    <property name="basedir" value="/Users/jonathan/TestCitrusProject"/>
    <property name="java.vm.compressedOopsMode" value="Zero based"/>
    <property name="line.separator" value="&#10;"/>
    <property name="java.vm.specification.vendor" value="Oracle Corporation"/>
    <property name="java.specification.name" value="Java Platform API Specification"/>
    <property name="apple.awt.application.name" value="ForkedBooter"/>
    <property name="surefire.real.class.path" value="/Users/jonathan/TestCitrusProject/target/surefire/surefirebooter17677769503441046907.jar"/>
    <property name="sun.management.compiler" value="HotSpot 64-Bit Tiered Compilers"/>
    <property name="ftp.nonProxyHosts" value="local|*.local|169.254/16|*.169.254/16"/>
    <property name="java.runtime.version" value="19.0.1+10-21"/>
    <property name="user.name" value="jonathan"/>
    <property name="stdout.encoding" value="UTF-8"/>
    <property name="path.separator" value=":"/>
    <property name="os.version" value="13.2"/>
    <property name="java.runtime.name" value="Java(TM) SE Runtime Environment"/>
    <property name="file.encoding" value="UTF-8"/>
    <property name="java.vm.name" value="Java HotSpot(TM) 64-Bit Server VM"/>
    <property name="localRepository" value="/Users/jonathan/.m2/repository"/>
    <property name="java.vendor.url.bug" value="https://bugreport.java.com/bugreport/"/>
    <property name="java.io.tmpdir" value="/var/folders/b0/grjd4lr92d58wms2tr9cgzvc0000gn/T/"/>
    <property name="idea.version" value="2022.2.4"/>
    <property name="java.version" value="19.0.1"/>
    <property name="user.dir" value="/Users/jonathan/TestCitrusProject/target"/>
    <property name="os.arch" value="aarch64"/>
    <property name="java.vm.specification.name" value="Java Virtual Machine Specification"/>
    <property name="native.encoding" value="UTF-8"/>
    <property name="java.library.path" value="/Users/jonathan/Library/Java/Extensions:/Library/Java/Extensions:/Network/Library/Java/Extensions:/System/Library/Java/Extensions:/usr/lib/java:."/>
    <property name="java.vm.info" value="mixed mode, sharing"/>
    <property name="stderr.encoding" value="UTF-8"/>
    <property name="java.vendor" value="Oracle Corporation"/>
    <property name="java.vm.version" value="19.0.1+10-21"/>
    <property name="sun.io.unicode.encoding" value="UnicodeBig"/>
    <property name="socksNonProxyHosts" value="local|*.local|169.254/16|*.169.254/16"/>
    <property name="java.class.version" value="63.0"/>
  </properties>
  <testcase name="Getvalue_Test" classname="com.citrus.myproject.API_Test" time="0.061">
    <failure message="I/O error on GET request for &quot;http://localhost:8080/produit/read/&quot;: Connect to localhost:8080 [localhost/127.0.0.1, localhost/0:0:0:0:0:0:0:1] failed: Connection refused; nested exception is org.apache.http.conn.HttpHostConnectException: Connect to localhost:8080 [localhost/127.0.0.1, localhost/0:0:0:0:0:0:0:1] failed: Connection refused" type="com.consol.citrus.exceptions.TestCaseFailedException">com.consol.citrus.exceptions.TestCaseFailedException: I/O error on GET request for "http://localhost:8080/produit/read/": Connect to localhost:8080 [localhost/127.0.0.1, localhost/0:0:0:0:0:0:0:1] failed: Connection refused; nested exception is org.apache.http.conn.HttpHostConnectException: Connect to localhost:8080 [localhost/127.0.0.1, localhost/0:0:0:0:0:0:0:1] failed: Connection refused
	at com.citrus.myproject.API_Test.Getvalue_Test(API_Test.java:24)
Caused by: org.springframework.web.client.ResourceAccessException: I/O error on GET request for "http://localhost:8080/produit/read/": Connect to localhost:8080 [localhost/127.0.0.1, localhost/0:0:0:0:0:0:0:1] failed: Connection refused; nested exception is org.apache.http.conn.HttpHostConnectException: Connect to localhost:8080 [localhost/127.0.0.1, localhost/0:0:0:0:0:0:0:1] failed: Connection refused
	at com.citrus.myproject.API_Test.Getvalue_Test(API_Test.java:24)
Caused by: org.apache.http.conn.HttpHostConnectException: Connect to localhost:8080 [localhost/127.0.0.1, localhost/0:0:0:0:0:0:0:1] failed: Connection refused
	at com.citrus.myproject.API_Test.Getvalue_Test(API_Test.java:24)
Caused by: java.net.ConnectException: Connection refused
	at com.citrus.myproject.API_Test.Getvalue_Test(API_Test.java:24)
</failure>
    <system-err><![CDATA[[main] INFO com.consol.citrus.config.xml.SchemaRepositoryParser - Found schema repository bean definition parser class com.consol.citrus.config.xml.XsdSchemaRepositoryParser from resource META-INF/citrus/schema-repository/parser/xml
[main] INFO com.consol.citrus.report.LoggingReporter - 
[main] INFO com.consol.citrus.report.LoggingReporter - ------------------------------------------------------------------------
[main] INFO com.consol.citrus.report.LoggingReporter -        .__  __                       
[main] INFO com.consol.citrus.report.LoggingReporter -   ____ |__|/  |________ __ __  ______
[main] INFO com.consol.citrus.report.LoggingReporter - _/ ___\|  \   __\_  __ \  |  \/  ___/
[main] INFO com.consol.citrus.report.LoggingReporter - \  \___|  ||  |  |  | \/  |  /\___ \ 
[main] INFO com.consol.citrus.report.LoggingReporter -  \___  >__||__|  |__|  |____//____  >
[main] INFO com.consol.citrus.report.LoggingReporter -      \/                           \/
[main] INFO com.consol.citrus.report.LoggingReporter - 
[main] INFO com.consol.citrus.report.LoggingReporter - C I T R U S  T E S T S  3.3.1
[main] INFO com.consol.citrus.report.LoggingReporter - 
[main] INFO com.consol.citrus.report.LoggingReporter - ------------------------------------------------------------------------
[main] INFO com.consol.citrus.report.LoggingReporter - 
[main] INFO com.consol.citrus.report.LoggingReporter - 
[main] INFO com.consol.citrus.report.LoggingReporter - BEFORE TEST SUITE: SUCCESS
[main] INFO com.consol.citrus.report.LoggingReporter - ------------------------------------------------------------------------
[main] INFO com.consol.citrus.report.LoggingReporter - 
[main] INFO com.consol.citrus.http.client.HttpClient - Sending HTTP message to: 'http://localhost:8080/produit/read/?description=caca'
[main] INFO com.consol.citrus.report.LoggingReporter - 
[main] ERROR com.consol.citrus.report.LoggingReporter - TEST FAILED API_Test.Getvalue_Test <com.citrus.myproject> Nested exception is: 
com.consol.citrus.exceptions.TestCaseFailedException: I/O error on GET request for "http://localhost:8080/produit/read/": Connect to localhost:8080 [localhost/127.0.0.1, localhost/0:0:0:0:0:0:0:1] failed: Connection refused; nested exception is org.apache.http.conn.HttpHostConnectException: Connect to localhost:8080 [localhost/127.0.0.1, localhost/0:0:0:0:0:0:0:1] failed: Connection refused
	at com.consol.citrus.DefaultTestCase.executeAction(DefaultTestCase.java:143)
	at com.consol.citrus.dsl.runner.DefaultTestRunner.run(DefaultTestRunner.java:219)
	at com.consol.citrus.dsl.runner.DefaultTestRunner.http(DefaultTestRunner.java:689)
	at com.consol.citrus.dsl.testng.TestNGCitrusTestRunner.http(TestNGCitrusTestRunner.java:419)
	at requests.ActionsHttpBases.get(ActionsHttpBases.java:38)
	at requests.ActionsHttpBases.get(ActionsHttpBases.java:89)
	at requests.ActionsHttpBases.get(ActionsHttpBases.java:97)
	at com.citrus.myproject.API_Test.Getvalue_Test(API_Test.java:24)
	at java.base/jdk.internal.reflect.DirectMethodHandleAccessor.invoke(DirectMethodHandleAccessor.java:104)
	at java.base/java.lang.reflect.Method.invoke(Method.java:578)
	at org.springframework.util.ReflectionUtils.invokeMethod(ReflectionUtils.java:282)
	at com.consol.citrus.dsl.testng.TestNGCitrusTest.invokeTestMethod(TestNGCitrusTest.java:140)
	at com.consol.citrus.dsl.testng.TestNGCitrusTest.run(TestNGCitrusTest.java:112)
	at com.consol.citrus.dsl.testng.TestNGCitrusTest.run(TestNGCitrusTest.java:61)
	at org.testng.internal.invokers.MethodInvocationHelper.invokeHookable(MethodInvocationHelper.java:266)
	at org.testng.internal.invokers.TestInvoker.invokeMethod(TestInvoker.java:665)
	at org.testng.internal.invokers.TestInvoker.invokeTestMethod(TestInvoker.java:220)
	at org.testng.internal.invokers.MethodRunner.runInSequence(MethodRunner.java:50)
	at org.testng.internal.invokers.TestInvoker$MethodInvocationAgent.invoke(TestInvoker.java:945)
	at org.testng.internal.invokers.TestInvoker.invokeTestMethods(TestInvoker.java:193)
	at org.testng.internal.invokers.TestMethodWorker.invokeTestMethods(TestMethodWorker.java:146)
	at org.testng.internal.invokers.TestMethodWorker.run(TestMethodWorker.java:128)
	at java.base/java.util.ArrayList.forEach(ArrayList.java:1511)
	at org.testng.TestRunner.privateRun(TestRunner.java:808)
	at org.testng.TestRunner.run(TestRunner.java:603)
	at org.testng.SuiteRunner.runTest(SuiteRunner.java:429)
	at org.testng.SuiteRunner.runSequentially(SuiteRunner.java:423)
	at org.testng.SuiteRunner.privateRun(SuiteRunner.java:383)
	at org.testng.SuiteRunner.run(SuiteRunner.java:326)
	at org.testng.SuiteRunnerWorker.runSuite(SuiteRunnerWorker.java:52)
	at org.testng.SuiteRunnerWorker.run(SuiteRunnerWorker.java:95)
	at org.testng.TestNG.runSuitesSequentially(TestNG.java:1249)
	at org.testng.TestNG.runSuitesLocally(TestNG.java:1169)
	at org.testng.TestNG.runSuites(TestNG.java:1092)
	at org.testng.TestNG.run(TestNG.java:1060)
	at org.apache.maven.surefire.testng.TestNGExecutor.run(TestNGExecutor.java:135)
	at org.apache.maven.surefire.testng.TestNGDirectoryTestSuite.executeSingleClass(TestNGDirectoryTestSuite.java:112)
	at org.apache.maven.surefire.testng.TestNGDirectoryTestSuite.execute(TestNGDirectoryTestSuite.java:99)
	at org.apache.maven.surefire.testng.TestNGProvider.invoke(TestNGProvider.java:146)
	at org.apache.maven.surefire.booter.ForkedBooter.invokeProviderInSameClassLoader(ForkedBooter.java:384)
	at org.apache.maven.surefire.booter.ForkedBooter.runSuitesInProcess(ForkedBooter.java:345)
	at org.apache.maven.surefire.booter.ForkedBooter.execute(ForkedBooter.java:126)
	at org.apache.maven.surefire.booter.ForkedBooter.main(ForkedBooter.java:418)
Caused by: org.springframework.web.client.ResourceAccessException: I/O error on GET request for "http://localhost:8080/produit/read/": Connect to localhost:8080 [localhost/127.0.0.1, localhost/0:0:0:0:0:0:0:1] failed: Connection refused; nested exception is org.apache.http.conn.HttpHostConnectException: Connect to localhost:8080 [localhost/127.0.0.1, localhost/0:0:0:0:0:0:0:1] failed: Connection refused
	at org.springframework.web.client.RestTemplate.doExecute(RestTemplate.java:785)
	at org.springframework.web.client.RestTemplate.execute(RestTemplate.java:751)
	at org.springframework.web.client.RestTemplate.exchange(RestTemplate.java:621)
	at com.consol.citrus.http.client.HttpClient.send(HttpClient.java:131)
	at com.consol.citrus.actions.SendMessageAction.doExecute(SendMessageAction.java:165)
	at com.consol.citrus.actions.AbstractTestAction.execute(AbstractTestAction.java:59)
	at com.consol.citrus.DefaultTestCase.executeAction(DefaultTestCase.java:136)
	... 42 more
Caused by: org.apache.http.conn.HttpHostConnectException: Connect to localhost:8080 [localhost/127.0.0.1, localhost/0:0:0:0:0:0:0:1] failed: Connection refused
	at org.apache.http.impl.conn.DefaultHttpClientConnectionOperator.connect(DefaultHttpClientConnectionOperator.java:156)
	at org.apache.http.impl.conn.PoolingHttpClientConnectionManager.connect(PoolingHttpClientConnectionManager.java:376)
	at org.apache.http.impl.execchain.MainClientExec.establishRoute(MainClientExec.java:393)
	at org.apache.http.impl.execchain.MainClientExec.execute(MainClientExec.java:236)
	at org.apache.http.impl.execchain.ProtocolExec.execute(ProtocolExec.java:186)
	at org.apache.http.impl.execchain.RetryExec.execute(RetryExec.java:89)
	at org.apache.http.impl.execchain.RedirectExec.execute(RedirectExec.java:110)
	at org.apache.http.impl.client.InternalHttpClient.doExecute(InternalHttpClient.java:185)
	at org.apache.http.impl.client.CloseableHttpClient.execute(CloseableHttpClient.java:83)
	at org.apache.http.impl.client.CloseableHttpClient.execute(CloseableHttpClient.java:56)
	at org.springframework.http.client.HttpComponentsClientHttpRequest.executeInternal(HttpComponentsClientHttpRequest.java:87)
	at org.springframework.http.client.AbstractBufferingClientHttpRequest.executeInternal(AbstractBufferingClientHttpRequest.java:48)
	at org.springframework.http.client.AbstractClientHttpRequest.execute(AbstractClientHttpRequest.java:66)
	at org.springframework.http.client.InterceptingClientHttpRequest$InterceptingRequestExecution.execute(InterceptingClientHttpRequest.java:109)
	at com.consol.citrus.http.interceptor.LoggingClientInterceptor.intercept(LoggingClientInterceptor.java:63)
	at org.springframework.http.client.InterceptingClientHttpRequest$InterceptingRequestExecution.execute(InterceptingClientHttpRequest.java:93)
	at org.springframework.http.client.InterceptingClientHttpRequest.executeInternal(InterceptingClientHttpRequest.java:77)
	at org.springframework.http.client.AbstractBufferingClientHttpRequest.executeInternal(AbstractBufferingClientHttpRequest.java:48)
	at org.springframework.http.client.AbstractClientHttpRequest.execute(AbstractClientHttpRequest.java:66)
	at org.springframework.web.client.RestTemplate.doExecute(RestTemplate.java:776)
	... 48 more
Caused by: java.net.ConnectException: Connection refused
	at java.base/sun.nio.ch.Net.connect0(Native Method)
	at java.base/sun.nio.ch.Net.connect(Net.java:579)
	at java.base/sun.nio.ch.Net.connect(Net.java:568)
	at java.base/sun.nio.ch.NioSocketImpl.connect(NioSocketImpl.java:576)
	at java.base/java.net.SocksSocketImpl.connect(SocksSocketImpl.java:327)
	at java.base/java.net.Socket.connect(Socket.java:666)
	at org.apache.http.conn.socket.PlainConnectionSocketFactory.connectSocket(PlainConnectionSocketFactory.java:75)
	at org.apache.http.impl.conn.DefaultHttpClientConnectionOperator.connect(DefaultHttpClientConnectionOperator.java:142)
	... 67 more
[main] INFO com.consol.citrus.report.LoggingReporter - ------------------------------------------------------------------------
[main] INFO com.consol.citrus.report.LoggingReporter - 
]]></system-err>
  </testcase>
</testsuite>