<?xml version="1.0" encoding="UTF-8"?>
<testsuite name="TestSuite" time="0.0" tests="1" errors="0" skipped="0" failures="0">
    <testcase name="API_Test.Getvalue_Test2" classname="com.citrus.myproject.API_Test" time="0.0"/>
</testsuite>